<?xml version="1.0" encoding="UTF-8"?>
<testng-results skipped="0" failed="0" total="1" passed="1">
  <reporter-output>
  </reporter-output>
  <suite name="Default suite" duration-ms="38494" started-at="2017-02-26T12:32:31Z" finished-at="2017-02-26T12:33:09Z">
    <groups>
    </groups>
    <test name="Default test" duration-ms="38494" started-at="2017-02-26T12:32:31Z" finished-at="2017-02-26T12:33:09Z">
      <class name="com.appium.ahamed.StartChrome">
        <test-method status="PASS" signature="test1()[pri:0, instance:com.appium.ahamed.StartChrome@26be92ad]" name="test1" duration-ms="38473" started-at="2017-02-26T18:02:31Z" finished-at="2017-02-26T18:03:09Z">
          <reporter-output>
          </reporter-output>
        </test-method> <!-- test1 -->
      </class> <!-- com.appium.ahamed.StartChrome -->
    </test> <!-- Default test -->
  </suite> <!-- Default suite -->
</testng-results>
